[      58ms] [WARNING] Lit is in dev mode. Not recommended for production! See https://lit.dev/msg/dev-mode for more information. @ http://localhost:8080/node_modules/.vite/deps/chunk-OKIDZSTV.js?v=5f25961f:93
[      60ms] [WARNING] Element boardgame-app scheduled an update (generally because a property was set) after an update completed, causing a new update to be scheduled. This is inefficient and should be avoided unless the next update can only be scheduled as a side effect of the previous update. See https://lit.dev/msg/change-in-update for more information. @ http://localhost:8080/node_modules/.vite/deps/chunk-OKIDZSTV.js?v=5f25961f:93
[   44881ms] [ERROR] Failed to load resource: the server responded with a status of 500 (Internal Server Error) @ http://localhost:8080/@fs/Users/jkomoros/Code/go/src/github.com/jkomoros/boardgame/server/static/src/components/shared-styles-lit.ts:0
[   44885ms] Failed to fetch dynamically imported module: http://localhost:8080/@fs/Users/jkomoros/Code/go/src/github.com/jkomoros/boardgame/server/static/src/components/boardgame-game-view.ts
[   45289ms] [WARNING] Lit is in dev mode. Not recommended for production! See https://lit.dev/msg/dev-mode for more information. @ http://localhost:8080/node_modules/.vite/deps/chunk-AVK3S6PW.js?v=3c7ec3eb:22
[   45292ms] [WARNING] Element boardgame-app scheduled an update (generally because a property was set) after an update completed, causing a new update to be scheduled. This is inefficient and should be avoided unless the next update can only be scheduled as a side effect of the previous update. See https://lit.dev/msg/change-in-update for more information. @ http://localhost:8080/node_modules/.vite/deps/chunk-OKIDZSTV.js?v=3c7ec3eb:93
[   45329ms] [ERROR] Failed to load resource: the server responded with a status of 500 (Internal Server Error) @ http://localhost:8080/@fs/Users/jkomoros/Code/go/src/github.com/jkomoros/boardgame/server/static/src/components/shared-styles-lit.ts:0
[   45333ms] Failed to fetch dynamically imported module: http://localhost:8080/@fs/Users/jkomoros/Code/go/src/github.com/jkomoros/boardgame/server/static/src/components/boardgame-game-view.ts
[   60812ms] [WARNING] Lit is in dev mode. Not recommended for production! See https://lit.dev/msg/dev-mode for more information. @ http://localhost:8080/node_modules/.vite/deps/chunk-AVK3S6PW.js?v=3c7ec3eb:22
[   60814ms] [WARNING] Element boardgame-app scheduled an update (generally because a property was set) after an update completed, causing a new update to be scheduled. This is inefficient and should be avoided unless the next update can only be scheduled as a side effect of the previous update. See https://lit.dev/msg/change-in-update for more information. @ http://localhost:8080/node_modules/.vite/deps/chunk-OKIDZSTV.js?v=3c7ec3eb:93
[   60878ms] TypeError: Cannot set property requestedPlayer of #<BoardgameAdminControls> which has only a getter
    at PropertyPart._commitValue (http://localhost:8080/node_modules/.vite/deps/chunk-AVK3S6PW.js?v=3c7ec3eb:807:29)
    at PropertyPart._$setValue (http://localhost:8080/node_modules/.vite/deps/chunk-AVK3S6PW.js?v=3c7ec3eb:762:12)
    at TemplateInstance._update (http://localhost:8080/node_modules/.vite/deps/chunk-AVK3S6PW.js?v=3c7ec3eb:401:16)
    at _ChildPart._commitTemplateResult (http://localhost:8080/node_modules/.vite/deps/chunk-AVK3S6PW.js?v=3c7ec3eb:604:16)
    at _ChildPart._$setValue (http://localhost:8080/node_modules/.vite/deps/chunk-AVK3S6PW.js?v=3c7ec3eb:490:12)
    at render (http://localhost:8080/node_modules/.vite/deps/chunk-AVK3S6PW.js?v=3c7ec3eb:940:8)
    at HTMLElement.update (http://localhost:8080/node_modules/.vite/deps/chunk-GTV6AHWJ.js?v=3c7ec3eb:52:24)
    at HTMLElement.performUpdate (http://localhost:8080/node_modules/.vite/deps/chunk-OKIDZSTV.js?v=3c7ec3eb:756:14)
    at HTMLElement.scheduleUpdate (http://localhost:8080/node_modules/.vite/deps/chunk-OKIDZSTV.js?v=3c7ec3eb:698:25)
    at HTMLElement.__enqueueUpdate (http://localhost:8080/node_modules/.vite/deps/chunk-OKIDZSTV.js?v=3c7ec3eb:674:25)
[   61163ms] TypeError: Cannot set property requestedPlayer of #<BoardgameAdminControls> which has only a getter
    at PropertyPart._commitValue (http://localhost:8080/node_modules/.vite/deps/chunk-AVK3S6PW.js?v=3c7ec3eb:807:29)
    at PropertyPart._$setValue (http://localhost:8080/node_modules/.vite/deps/chunk-AVK3S6PW.js?v=3c7ec3eb:762:12)
    at TemplateInstance._update (http://localhost:8080/node_modules/.vite/deps/chunk-AVK3S6PW.js?v=3c7ec3eb:401:16)
    at _ChildPart._commitTemplateResult (http://localhost:8080/node_modules/.vite/deps/chunk-AVK3S6PW.js?v=3c7ec3eb:604:16)
    at _ChildPart._$setValue (http://localhost:8080/node_modules/.vite/deps/chunk-AVK3S6PW.js?v=3c7ec3eb:490:12)
    at render (http://localhost:8080/node_modules/.vite/deps/chunk-AVK3S6PW.js?v=3c7ec3eb:940:8)
    at HTMLElement.update (http://localhost:8080/node_modules/.vite/deps/chunk-GTV6AHWJ.js?v=3c7ec3eb:52:24)
    at HTMLElement.performUpdate (http://localhost:8080/node_modules/.vite/deps/chunk-OKIDZSTV.js?v=3c7ec3eb:756:14)
    at HTMLElement.scheduleUpdate (http://localhost:8080/node_modules/.vite/deps/chunk-OKIDZSTV.js?v=3c7ec3eb:698:25)
    at HTMLElement.__enqueueUpdate (http://localhost:8080/node_modules/.vite/deps/chunk-OKIDZSTV.js?v=3c7ec3eb:674:25)
[   61163ms] TypeError: Cannot set property requestedPlayer of #<BoardgameAdminControls> which has only a getter
    at PropertyPart._commitValue (http://localhost:8080/node_modules/.vite/deps/chunk-AVK3S6PW.js?v=3c7ec3eb:807:29)
    at PropertyPart._$setValue (http://localhost:8080/node_modules/.vite/deps/chunk-AVK3S6PW.js?v=3c7ec3eb:762:12)
    at TemplateInstance._update (http://localhost:8080/node_modules/.vite/deps/chunk-AVK3S6PW.js?v=3c7ec3eb:401:16)
    at _ChildPart._commitTemplateResult (http://localhost:8080/node_modules/.vite/deps/chunk-AVK3S6PW.js?v=3c7ec3eb:604:16)
    at _ChildPart._$setValue (http://localhost:8080/node_modules/.vite/deps/chunk-AVK3S6PW.js?v=3c7ec3eb:490:12)
    at render (http://localhost:8080/node_modules/.vite/deps/chunk-AVK3S6PW.js?v=3c7ec3eb:940:8)
    at HTMLElement.update (http://localhost:8080/node_modules/.vite/deps/chunk-GTV6AHWJ.js?v=3c7ec3eb:52:24)
    at HTMLElement.performUpdate (http://localhost:8080/node_modules/.vite/deps/chunk-OKIDZSTV.js?v=3c7ec3eb:756:14)
    at HTMLElement.scheduleUpdate (http://localhost:8080/node_modules/.vite/deps/chunk-OKIDZSTV.js?v=3c7ec3eb:698:25)
    at HTMLElement.__enqueueUpdate (http://localhost:8080/node_modules/.vite/deps/chunk-OKIDZSTV.js?v=3c7ec3eb:674:25)
