[      73ms] [WARNING] Lit is in dev mode. Not recommended for production! See https://lit.dev/msg/dev-mode for more information. @ http://localhost:3000/node_modules/.vite/deps/chunk-O5TE7N4R.js?v=74be452c:93
[      74ms] [WARNING] Element boardgame-app scheduled an update (generally because a property was set) after an update completed, causing a new update to be scheduled. This is inefficient and should be avoided unless the next update can only be scheduled as a side effect of the previous update. See https://lit.dev/msg/change-in-update for more information. @ http://localhost:3000/node_modules/.vite/deps/chunk-O5TE7N4R.js?v=74be452c:93
[     114ms] [ERROR] Failed to load resource: net::ERR_CONNECTION_REFUSED @ http://localhost:8888/api/list/manager:0
[     115ms] [ERROR] Failed to load resource: net::ERR_CONNECTION_REFUSED @ http://localhost:8888/api/list/game?name=&admin=0:0
[     142ms] TypeError: Failed to fetch
    at http://localhost:3000/src/actions/list.ts:32:24
    at Object.dispatch (http://localhost:3000/node_modules/.vite/deps/redux-thunk.js?v=74be452c:10:18)
    at HTMLElement.updated (http://localhost:3000/src/components/boardgame-list-games-view.ts:68:13)
    at HTMLElement._$didUpdate (http://localhost:3000/node_modules/.vite/deps/chunk-O5TE7N4R.js?v=74be452c:804:10)
    at HTMLElement.performUpdate (http://localhost:3000/node_modules/.vite/deps/chunk-O5TE7N4R.js?v=74be452c:766:12)
    at HTMLElement.scheduleUpdate (http://localhost:3000/node_modules/.vite/deps/chunk-O5TE7N4R.js?v=74be452c:698:25)
    at HTMLElement.__enqueueUpdate (http://localhost:3000/node_modules/.vite/deps/chunk-O5TE7N4R.js?v=74be452c:674:25)
[     143ms] TypeError: Failed to fetch
    at http://localhost:3000/src/actions/list.ts:50:24
    at Object.dispatch (http://localhost:3000/node_modules/.vite/deps/redux-thunk.js?v=74be452c:10:18)
    at HTMLElement._fetchGamesList (http://localhost:3000/src/components/boardgame-list-games-view.ts:80:11)
    at HTMLElement.updated (http://localhost:3000/src/components/boardgame-list-games-view.ts:69:12)
    at HTMLElement._$didUpdate (http://localhost:3000/node_modules/.vite/deps/chunk-O5TE7N4R.js?v=74be452c:804:10)
    at HTMLElement.performUpdate (http://localhost:3000/node_modules/.vite/deps/chunk-O5TE7N4R.js?v=74be452c:766:12)
    at HTMLElement.scheduleUpdate (http://localhost:3000/node_modules/.vite/deps/chunk-O5TE7N4R.js?v=74be452c:698:25)
    at HTMLElement.__enqueueUpdate (http://localhost:3000/node_modules/.vite/deps/chunk-O5TE7N4R.js?v=74be452c:674:25)
[  179241ms] [ERROR] Failed to load resource: the server responded with a status of 400 () @ https://identitytoolkit.googleapis.com/v1/accounts:signInWithPassword?key=AIzaSyDi0hhBgLPbpJgprVCDzDkk8zuFpb9XadM:0
[  189806ms] [WARNING] Invalid keyframe value for property transform: translateX(0px) translateY(NaNpx) scale(NaN) @ http://localhost:3000/node_modules/web-animations-js/web-animations-next.min.js:14
[  189807ms] [WARNING] Invalid keyframe value for property transform: translateX(0px) translateY(NaNpx) scale(NaN) @ http://localhost:3000/node_modules/web-animations-js/web-animations-next.min.js:14
