[      62ms] [WARNING] Lit is in dev mode. Not recommended for production! See https://lit.dev/msg/dev-mode for more information. @ http://localhost:8080/node_modules/.vite/deps/chunk-AVK3S6PW.js?v=3c7ec3eb:22
[      64ms] [WARNING] Element boardgame-app scheduled an update (generally because a property was set) after an update completed, causing a new update to be scheduled. This is inefficient and should be avoided unless the next update can only be scheduled as a side effect of the previous update. See https://lit.dev/msg/change-in-update for more information. @ http://localhost:8080/node_modules/.vite/deps/chunk-OKIDZSTV.js?v=3c7ec3eb:93
[      95ms] [WARNING] Element boardgame-game-view scheduled an update (generally because a property was set) after an update completed, causing a new update to be scheduled. This is inefficient and should be avoided unless the next update can only be scheduled as a side effect of the previous update. See https://lit.dev/msg/change-in-update for more information. @ http://localhost:8080/node_modules/.vite/deps/chunk-OKIDZSTV.js?v=3c7ec3eb:93
[      97ms] [WARNING] Element boardgame-render-game scheduled an update (generally because a property was set) after an update completed, causing a new update to be scheduled. This is inefficient and should be avoided unless the next update can only be scheduled as a side effect of the previous update. See https://lit.dev/msg/change-in-update for more information. @ http://localhost:8080/node_modules/.vite/deps/chunk-OKIDZSTV.js?v=3c7ec3eb:93
[      98ms] [WARNING] Element boardgame-game-state-manager scheduled an update (generally because a property was set) after an update completed, causing a new update to be scheduled. This is inefficient and should be avoided unless the next update can only be scheduled as a side effect of the previous update. See https://lit.dev/msg/change-in-update for more information. @ http://localhost:8080/node_modules/.vite/deps/chunk-OKIDZSTV.js?v=3c7ec3eb:93
[      99ms] [ERROR] Game renderer not found: ../../game-src/memory/boardgame-render-game-memory.ts @ http://localhost:8080/@fs/Users/jkomoros/Code/go/src/github.com/jkomoros/boardgame/server/static/src/components/boardgame-render-game.ts?t=1770909744857:208
[     100ms] [ERROR] Player info renderer not found: ../../game-src/memory/boardgame-render-player-info-memory.ts @ http://localhost:8080/@fs/Users/jkomoros/Code/go/src/github.com/jkomoros/boardgame/server/static/src/components/boardgame-player-roster.ts?t=1770909753938:134
[     101ms] [WARNING] No template class to auto stamp @ http://localhost:8080/@fs/Users/jkomoros/Code/go/src/github.com/jkomoros/boardgame/server/static/src/components/boardgame-component-stack.ts:526
[     121ms] TypeError: items is not iterable
    at RepeatDirective._getValuesAndKeys (http://localhost:8080/node_modules/.vite/deps/lit_directives_repeat__js.js?v=3c7ec3eb:43:24)
    at RepeatDirective.update (http://localhost:8080/node_modules/.vite/deps/lit_directives_repeat__js.js?v=3c7ec3eb:58:55)
    at RepeatDirective._$resolve (http://localhost:8080/node_modules/.vite/deps/chunk-ZVI3QJ4F.js?v=3c7ec3eb:30:17)
    at resolveDirective (http://localhost:8080/node_modules/.vite/deps/chunk-AVK3S6PW.js?v=3c7ec3eb:335:53)
    at _ChildPart._$setValue (http://localhost:8080/node_modules/.vite/deps/chunk-AVK3S6PW.js?v=3c7ec3eb:472:13)
    at TemplateInstance._update (http://localhost:8080/node_modules/.vite/deps/chunk-AVK3S6PW.js?v=3c7ec3eb:401:16)
    at _ChildPart._commitTemplateResult (http://localhost:8080/node_modules/.vite/deps/chunk-AVK3S6PW.js?v=3c7ec3eb:604:16)
    at _ChildPart._$setValue (http://localhost:8080/node_modules/.vite/deps/chunk-AVK3S6PW.js?v=3c7ec3eb:490:12)
    at render (http://localhost:8080/node_modules/.vite/deps/chunk-AVK3S6PW.js?v=3c7ec3eb:940:8)
    at BoardgameMoveForm.update (http://localhost:8080/node_modules/.vite/deps/chunk-GTV6AHWJ.js?v=3c7ec3eb:52:24)
[     121ms] TypeError: items is not iterable
    at RepeatDirective._getValuesAndKeys (http://localhost:8080/node_modules/.vite/deps/lit_directives_repeat__js.js?v=3c7ec3eb:43:24)
    at RepeatDirective.update (http://localhost:8080/node_modules/.vite/deps/lit_directives_repeat__js.js?v=3c7ec3eb:58:55)
    at RepeatDirective._$resolve (http://localhost:8080/node_modules/.vite/deps/chunk-ZVI3QJ4F.js?v=3c7ec3eb:30:17)
    at resolveDirective (http://localhost:8080/node_modules/.vite/deps/chunk-AVK3S6PW.js?v=3c7ec3eb:335:53)
    at _ChildPart._$setValue (http://localhost:8080/node_modules/.vite/deps/chunk-AVK3S6PW.js?v=3c7ec3eb:472:13)
    at TemplateInstance._update (http://localhost:8080/node_modules/.vite/deps/chunk-AVK3S6PW.js?v=3c7ec3eb:401:16)
    at _ChildPart._commitTemplateResult (http://localhost:8080/node_modules/.vite/deps/chunk-AVK3S6PW.js?v=3c7ec3eb:604:16)
    at _ChildPart._$setValue (http://localhost:8080/node_modules/.vite/deps/chunk-AVK3S6PW.js?v=3c7ec3eb:490:12)
    at render (http://localhost:8080/node_modules/.vite/deps/chunk-AVK3S6PW.js?v=3c7ec3eb:940:8)
    at BoardgameMoveForm.update (http://localhost:8080/node_modules/.vite/deps/chunk-GTV6AHWJ.js?v=3c7ec3eb:52:24)
[     134ms] TypeError: items is not iterable
    at RepeatDirective._getValuesAndKeys (http://localhost:8080/node_modules/.vite/deps/lit_directives_repeat__js.js?v=3c7ec3eb:43:24)
    at RepeatDirective.update (http://localhost:8080/node_modules/.vite/deps/lit_directives_repeat__js.js?v=3c7ec3eb:58:55)
    at RepeatDirective._$resolve (http://localhost:8080/node_modules/.vite/deps/chunk-ZVI3QJ4F.js?v=3c7ec3eb:30:17)
    at resolveDirective (http://localhost:8080/node_modules/.vite/deps/chunk-AVK3S6PW.js?v=3c7ec3eb:335:53)
    at _ChildPart._$setValue (http://localhost:8080/node_modules/.vite/deps/chunk-AVK3S6PW.js?v=3c7ec3eb:472:13)
    at TemplateInstance._update (http://localhost:8080/node_modules/.vite/deps/chunk-AVK3S6PW.js?v=3c7ec3eb:401:16)
    at _ChildPart._commitTemplateResult (http://localhost:8080/node_modules/.vite/deps/chunk-AVK3S6PW.js?v=3c7ec3eb:604:16)
    at _ChildPart._$setValue (http://localhost:8080/node_modules/.vite/deps/chunk-AVK3S6PW.js?v=3c7ec3eb:490:12)
    at render (http://localhost:8080/node_modules/.vite/deps/chunk-AVK3S6PW.js?v=3c7ec3eb:940:8)
    at BoardgameMoveForm.update (http://localhost:8080/node_modules/.vite/deps/chunk-GTV6AHWJ.js?v=3c7ec3eb:52:24)
[     446ms] [WARNING] Socket closed CloseEvent @ http://localhost:8080/@fs/Users/jkomoros/Code/go/src/github.com/jkomoros/boardgame/server/static/src/components/boardgame-game-state-manager.ts?t=1770909753938:239
[    7810ms] [WARNING] Lit is in dev mode. Not recommended for production! See https://lit.dev/msg/dev-mode for more information. @ http://localhost:8080/node_modules/.vite/deps/chunk-AVK3S6PW.js?v=3c7ec3eb:22
[    7811ms] [WARNING] Element boardgame-app scheduled an update (generally because a property was set) after an update completed, causing a new update to be scheduled. This is inefficient and should be avoided unless the next update can only be scheduled as a side effect of the previous update. See https://lit.dev/msg/change-in-update for more information. @ http://localhost:8080/node_modules/.vite/deps/chunk-OKIDZSTV.js?v=3c7ec3eb:93
[    7846ms] [WARNING] Element boardgame-game-view scheduled an update (generally because a property was set) after an update completed, causing a new update to be scheduled. This is inefficient and should be avoided unless the next update can only be scheduled as a side effect of the previous update. See https://lit.dev/msg/change-in-update for more information. @ http://localhost:8080/node_modules/.vite/deps/chunk-OKIDZSTV.js?v=3c7ec3eb:93
[    7849ms] [WARNING] Element boardgame-render-game scheduled an update (generally because a property was set) after an update completed, causing a new update to be scheduled. This is inefficient and should be avoided unless the next update can only be scheduled as a side effect of the previous update. See https://lit.dev/msg/change-in-update for more information. @ http://localhost:8080/node_modules/.vite/deps/chunk-OKIDZSTV.js?v=3c7ec3eb:93
[    7851ms] [WARNING] Element boardgame-game-state-manager scheduled an update (generally because a property was set) after an update completed, causing a new update to be scheduled. This is inefficient and should be avoided unless the next update can only be scheduled as a side effect of the previous update. See https://lit.dev/msg/change-in-update for more information. @ http://localhost:8080/node_modules/.vite/deps/chunk-OKIDZSTV.js?v=3c7ec3eb:93
[    7852ms] [ERROR] Game renderer not found: ../../game-src/memory/boardgame-render-game-memory.ts @ http://localhost:8080/@fs/Users/jkomoros/Code/go/src/github.com/jkomoros/boardgame/server/static/src/components/boardgame-render-game.ts?t=1770909769892:208
[    7852ms] [ERROR] Available renderers: [] @ http://localhost:8080/@fs/Users/jkomoros/Code/go/src/github.com/jkomoros/boardgame/server/static/src/components/boardgame-render-game.ts?t=1770909769892:209
[    7853ms] [ERROR] Player info renderer not found: ../../game-src/memory/boardgame-render-player-info-memory.ts @ http://localhost:8080/@fs/Users/jkomoros/Code/go/src/github.com/jkomoros/boardgame/server/static/src/components/boardgame-player-roster.ts?t=1770909769892:134
[    7854ms] [WARNING] No template class to auto stamp @ http://localhost:8080/@fs/Users/jkomoros/Code/go/src/github.com/jkomoros/boardgame/server/static/src/components/boardgame-component-stack.ts:526
[    7865ms] TypeError: items is not iterable
    at RepeatDirective._getValuesAndKeys (http://localhost:8080/node_modules/.vite/deps/lit_directives_repeat__js.js?v=3c7ec3eb:43:24)
    at RepeatDirective.update (http://localhost:8080/node_modules/.vite/deps/lit_directives_repeat__js.js?v=3c7ec3eb:58:55)
    at RepeatDirective._$resolve (http://localhost:8080/node_modules/.vite/deps/chunk-ZVI3QJ4F.js?v=3c7ec3eb:30:17)
    at resolveDirective (http://localhost:8080/node_modules/.vite/deps/chunk-AVK3S6PW.js?v=3c7ec3eb:335:53)
    at _ChildPart._$setValue (http://localhost:8080/node_modules/.vite/deps/chunk-AVK3S6PW.js?v=3c7ec3eb:472:13)
    at TemplateInstance._update (http://localhost:8080/node_modules/.vite/deps/chunk-AVK3S6PW.js?v=3c7ec3eb:401:16)
    at _ChildPart._commitTemplateResult (http://localhost:8080/node_modules/.vite/deps/chunk-AVK3S6PW.js?v=3c7ec3eb:604:16)
    at _ChildPart._$setValue (http://localhost:8080/node_modules/.vite/deps/chunk-AVK3S6PW.js?v=3c7ec3eb:490:12)
    at render (http://localhost:8080/node_modules/.vite/deps/chunk-AVK3S6PW.js?v=3c7ec3eb:940:8)
    at BoardgameMoveForm.update (http://localhost:8080/node_modules/.vite/deps/chunk-GTV6AHWJ.js?v=3c7ec3eb:52:24)
[    7865ms] TypeError: items is not iterable
    at RepeatDirective._getValuesAndKeys (http://localhost:8080/node_modules/.vite/deps/lit_directives_repeat__js.js?v=3c7ec3eb:43:24)
    at RepeatDirective.update (http://localhost:8080/node_modules/.vite/deps/lit_directives_repeat__js.js?v=3c7ec3eb:58:55)
    at RepeatDirective._$resolve (http://localhost:8080/node_modules/.vite/deps/chunk-ZVI3QJ4F.js?v=3c7ec3eb:30:17)
    at resolveDirective (http://localhost:8080/node_modules/.vite/deps/chunk-AVK3S6PW.js?v=3c7ec3eb:335:53)
    at _ChildPart._$setValue (http://localhost:8080/node_modules/.vite/deps/chunk-AVK3S6PW.js?v=3c7ec3eb:472:13)
    at TemplateInstance._update (http://localhost:8080/node_modules/.vite/deps/chunk-AVK3S6PW.js?v=3c7ec3eb:401:16)
    at _ChildPart._commitTemplateResult (http://localhost:8080/node_modules/.vite/deps/chunk-AVK3S6PW.js?v=3c7ec3eb:604:16)
    at _ChildPart._$setValue (http://localhost:8080/node_modules/.vite/deps/chunk-AVK3S6PW.js?v=3c7ec3eb:490:12)
    at render (http://localhost:8080/node_modules/.vite/deps/chunk-AVK3S6PW.js?v=3c7ec3eb:940:8)
    at BoardgameMoveForm.update (http://localhost:8080/node_modules/.vite/deps/chunk-GTV6AHWJ.js?v=3c7ec3eb:52:24)
[    7883ms] TypeError: items is not iterable
    at RepeatDirective._getValuesAndKeys (http://localhost:8080/node_modules/.vite/deps/lit_directives_repeat__js.js?v=3c7ec3eb:43:24)
    at RepeatDirective.update (http://localhost:8080/node_modules/.vite/deps/lit_directives_repeat__js.js?v=3c7ec3eb:58:55)
    at RepeatDirective._$resolve (http://localhost:8080/node_modules/.vite/deps/chunk-ZVI3QJ4F.js?v=3c7ec3eb:30:17)
    at resolveDirective (http://localhost:8080/node_modules/.vite/deps/chunk-AVK3S6PW.js?v=3c7ec3eb:335:53)
    at _ChildPart._$setValue (http://localhost:8080/node_modules/.vite/deps/chunk-AVK3S6PW.js?v=3c7ec3eb:472:13)
    at TemplateInstance._update (http://localhost:8080/node_modules/.vite/deps/chunk-AVK3S6PW.js?v=3c7ec3eb:401:16)
    at _ChildPart._commitTemplateResult (http://localhost:8080/node_modules/.vite/deps/chunk-AVK3S6PW.js?v=3c7ec3eb:604:16)
    at _ChildPart._$setValue (http://localhost:8080/node_modules/.vite/deps/chunk-AVK3S6PW.js?v=3c7ec3eb:490:12)
    at render (http://localhost:8080/node_modules/.vite/deps/chunk-AVK3S6PW.js?v=3c7ec3eb:940:8)
    at BoardgameMoveForm.update (http://localhost:8080/node_modules/.vite/deps/chunk-GTV6AHWJ.js?v=3c7ec3eb:52:24)
