[      53ms] [WARNING] Lit is in dev mode. Not recommended for production! See https://lit.dev/msg/dev-mode for more information. @ http://localhost:8080/node_modules/.vite/deps/chunk-6I53ZR2N.js?v=70744191:93
[      55ms] [WARNING] Element boardgame-app scheduled an update (generally because a property was set) after an update completed, causing a new update to be scheduled. This is inefficient and should be avoided unless the next update can only be scheduled as a side effect of the previous update. See https://lit.dev/msg/change-in-update for more information. @ http://localhost:8080/node_modules/.vite/deps/chunk-6I53ZR2N.js?v=70744191:93
[      96ms] [ERROR] Access to fetch at 'http://localhost:8888/api/list/manager' from origin 'http://localhost:8080' has been blocked by CORS policy: No 'Access-Control-Allow-Origin' header is present on the requested resource. @ http://localhost:8080/:0
[      96ms] [ERROR] Failed to load resource: net::ERR_FAILED @ http://localhost:8888/api/list/manager:0
[      97ms] [ERROR] Access to fetch at 'http://localhost:8888/api/list/game?name=&admin=0' from origin 'http://localhost:8080' has been blocked by CORS policy: No 'Access-Control-Allow-Origin' header is present on the requested resource. @ http://localhost:8080/:0
[      97ms] [ERROR] Failed to load resource: net::ERR_FAILED @ http://localhost:8888/api/list/game?name=&admin=0:0
[     121ms] TypeError: Failed to fetch
    at http://localhost:8080/@fs/Users/jkomoros/Code/go/src/github.com/jkomoros/boardgame/server/static/src/actions/list.ts:32:24
    at Object.dispatch (http://localhost:8080/node_modules/.vite/deps/redux-thunk.js?v=70744191:7:14)
    at HTMLElement.updated (http://localhost:8080/@fs/Users/jkomoros/Code/go/src/github.com/jkomoros/boardgame/server/static/src/components/boardgame-list-games-view.ts:68:13)
    at HTMLElement._$didUpdate (http://localhost:8080/node_modules/.vite/deps/chunk-6I53ZR2N.js?v=70744191:804:10)
    at HTMLElement.performUpdate (http://localhost:8080/node_modules/.vite/deps/chunk-6I53ZR2N.js?v=70744191:766:12)
    at HTMLElement.scheduleUpdate (http://localhost:8080/node_modules/.vite/deps/chunk-6I53ZR2N.js?v=70744191:698:25)
    at HTMLElement.__enqueueUpdate (http://localhost:8080/node_modules/.vite/deps/chunk-6I53ZR2N.js?v=70744191:674:25)
[     121ms] TypeError: Failed to fetch
    at http://localhost:8080/@fs/Users/jkomoros/Code/go/src/github.com/jkomoros/boardgame/server/static/src/actions/list.ts:50:24
    at Object.dispatch (http://localhost:8080/node_modules/.vite/deps/redux-thunk.js?v=70744191:7:14)
    at HTMLElement._fetchGamesList (http://localhost:8080/@fs/Users/jkomoros/Code/go/src/github.com/jkomoros/boardgame/server/static/src/components/boardgame-list-games-view.ts:80:11)
    at HTMLElement.updated (http://localhost:8080/@fs/Users/jkomoros/Code/go/src/github.com/jkomoros/boardgame/server/static/src/components/boardgame-list-games-view.ts:69:12)
    at HTMLElement._$didUpdate (http://localhost:8080/node_modules/.vite/deps/chunk-6I53ZR2N.js?v=70744191:804:10)
    at HTMLElement.performUpdate (http://localhost:8080/node_modules/.vite/deps/chunk-6I53ZR2N.js?v=70744191:766:12)
    at HTMLElement.scheduleUpdate (http://localhost:8080/node_modules/.vite/deps/chunk-6I53ZR2N.js?v=70744191:698:25)
    at HTMLElement.__enqueueUpdate (http://localhost:8080/node_modules/.vite/deps/chunk-6I53ZR2N.js?v=70744191:674:25)
