[      75ms] [WARNING] Lit is in dev mode. Not recommended for production! See https://lit.dev/msg/dev-mode for more information. @ http://localhost:8082/node_modules/.vite/deps/chunk-OKIDZSTV.js?v=b676cfec:93
[      78ms] [WARNING] Element boardgame-app scheduled an update (generally because a property was set) after an update completed, causing a new update to be scheduled. This is inefficient and should be avoided unless the next update can only be scheduled as a side effect of the previous update. See https://lit.dev/msg/change-in-update for more information. @ http://localhost:8082/node_modules/.vite/deps/chunk-OKIDZSTV.js?v=b676cfec:93
[     476ms] [WARNING] Lit is in dev mode. Not recommended for production! See https://lit.dev/msg/dev-mode for more information. @ http://localhost:8082/node_modules/.vite/deps/chunk-OKIDZSTV.js?v=c0d73b63:93
[     479ms] [WARNING] Element boardgame-app scheduled an update (generally because a property was set) after an update completed, causing a new update to be scheduled. This is inefficient and should be avoided unless the next update can only be scheduled as a side effect of the previous update. See https://lit.dev/msg/change-in-update for more information. @ http://localhost:8082/node_modules/.vite/deps/chunk-OKIDZSTV.js?v=c0d73b63:93
[     537ms] [ERROR] Access to fetch at 'http://localhost:8888/api/list/game?name=&admin=0' from origin 'http://localhost:8082' has been blocked by CORS policy: No 'Access-Control-Allow-Origin' header is present on the requested resource. @ http://localhost:8082/:0
[     538ms] [ERROR] Failed to load resource: net::ERR_FAILED @ http://localhost:8888/api/list/game?name=&admin=0:0
[     538ms] [ERROR] Access to fetch at 'http://localhost:8888/api/list/manager' from origin 'http://localhost:8082' has been blocked by CORS policy: No 'Access-Control-Allow-Origin' header is present on the requested resource. @ http://localhost:8082/:0
[     538ms] [ERROR] Failed to load resource: net::ERR_FAILED @ http://localhost:8888/api/list/manager:0
[     550ms] TypeError: Failed to fetch
    at http://localhost:8082/@fs/Users/jkomoros/Code/go/src/github.com/jkomoros/boardgame/server/static/src/actions/list.ts:50:24
    at Object.dispatch (http://localhost:8082/node_modules/.vite/deps/redux-thunk.js?v=c0d73b63:7:14)
    at HTMLElement._fetchGamesList (http://localhost:8082/@fs/Users/jkomoros/Code/go/src/github.com/jkomoros/boardgame/server/static/src/components/boardgame-list-games-view.ts:80:11)
    at HTMLElement.updated (http://localhost:8082/@fs/Users/jkomoros/Code/go/src/github.com/jkomoros/boardgame/server/static/src/components/boardgame-list-games-view.ts:69:12)
    at HTMLElement._$didUpdate (http://localhost:8082/node_modules/.vite/deps/chunk-OKIDZSTV.js?v=c0d73b63:804:10)
    at HTMLElement.performUpdate (http://localhost:8082/node_modules/.vite/deps/chunk-OKIDZSTV.js?v=c0d73b63:766:12)
    at HTMLElement.scheduleUpdate (http://localhost:8082/node_modules/.vite/deps/chunk-OKIDZSTV.js?v=c0d73b63:698:25)
    at HTMLElement.__enqueueUpdate (http://localhost:8082/node_modules/.vite/deps/chunk-OKIDZSTV.js?v=c0d73b63:674:25)
[     550ms] TypeError: Failed to fetch
    at http://localhost:8082/@fs/Users/jkomoros/Code/go/src/github.com/jkomoros/boardgame/server/static/src/actions/list.ts:32:24
    at Object.dispatch (http://localhost:8082/node_modules/.vite/deps/redux-thunk.js?v=c0d73b63:7:14)
    at HTMLElement.updated (http://localhost:8082/@fs/Users/jkomoros/Code/go/src/github.com/jkomoros/boardgame/server/static/src/components/boardgame-list-games-view.ts:68:13)
    at HTMLElement._$didUpdate (http://localhost:8082/node_modules/.vite/deps/chunk-OKIDZSTV.js?v=c0d73b63:804:10)
    at HTMLElement.performUpdate (http://localhost:8082/node_modules/.vite/deps/chunk-OKIDZSTV.js?v=c0d73b63:766:12)
    at HTMLElement.scheduleUpdate (http://localhost:8082/node_modules/.vite/deps/chunk-OKIDZSTV.js?v=c0d73b63:698:25)
    at HTMLElement.__enqueueUpdate (http://localhost:8082/node_modules/.vite/deps/chunk-OKIDZSTV.js?v=c0d73b63:674:25)
[    1016ms] [ERROR] Failed to load resource: net::ERR_CONNECTION_REFUSED @ http://localhost:8082/:0
[    1092ms] [ERROR] Failed to load resource: the server responded with a status of 404 () @ chrome-error://chromewebdata/:0
