[     108ms] [WARNING] Lit is in dev mode. Not recommended for production! See https://lit.dev/msg/dev-mode for more information. @ http://localhost:8080/node_modules/.vite/deps/chunk-AVK3S6PW.js?v=3c7ec3eb:22
[     110ms] [WARNING] Element boardgame-app scheduled an update (generally because a property was set) after an update completed, causing a new update to be scheduled. This is inefficient and should be avoided unless the next update can only be scheduled as a side effect of the previous update. See https://lit.dev/msg/change-in-update for more information. @ http://localhost:8080/node_modules/.vite/deps/chunk-OKIDZSTV.js?v=3c7ec3eb:93
[     155ms] [WARNING] Element boardgame-game-view scheduled an update (generally because a property was set) after an update completed, causing a new update to be scheduled. This is inefficient and should be avoided unless the next update can only be scheduled as a side effect of the previous update. See https://lit.dev/msg/change-in-update for more information. @ http://localhost:8080/node_modules/.vite/deps/chunk-OKIDZSTV.js?v=3c7ec3eb:93
[     159ms] [WARNING] Element boardgame-render-game scheduled an update (generally because a property was set) after an update completed, causing a new update to be scheduled. This is inefficient and should be avoided unless the next update can only be scheduled as a side effect of the previous update. See https://lit.dev/msg/change-in-update for more information. @ http://localhost:8080/node_modules/.vite/deps/chunk-OKIDZSTV.js?v=3c7ec3eb:93
[     162ms] [WARNING] Element boardgame-game-state-manager scheduled an update (generally because a property was set) after an update completed, causing a new update to be scheduled. This is inefficient and should be avoided unless the next update can only be scheduled as a side effect of the previous update. See https://lit.dev/msg/change-in-update for more information. @ http://localhost:8080/node_modules/.vite/deps/chunk-OKIDZSTV.js?v=3c7ec3eb:93
[     165ms] [WARNING] No template class to auto stamp @ http://localhost:8080/@fs/Users/jkomoros/Code/go/src/github.com/jkomoros/boardgame/server/static/src/components/boardgame-component-stack.ts:526
[     171ms] TypeError: items is not iterable
    at RepeatDirective._getValuesAndKeys (http://localhost:8080/node_modules/.vite/deps/lit_directives_repeat__js.js?v=3c7ec3eb:43:24)
    at RepeatDirective.update (http://localhost:8080/node_modules/.vite/deps/lit_directives_repeat__js.js?v=3c7ec3eb:58:55)
    at RepeatDirective._$resolve (http://localhost:8080/node_modules/.vite/deps/chunk-ZVI3QJ4F.js?v=3c7ec3eb:30:17)
    at resolveDirective (http://localhost:8080/node_modules/.vite/deps/chunk-AVK3S6PW.js?v=3c7ec3eb:335:53)
    at _ChildPart._$setValue (http://localhost:8080/node_modules/.vite/deps/chunk-AVK3S6PW.js?v=3c7ec3eb:472:13)
    at TemplateInstance._update (http://localhost:8080/node_modules/.vite/deps/chunk-AVK3S6PW.js?v=3c7ec3eb:401:16)
    at _ChildPart._commitTemplateResult (http://localhost:8080/node_modules/.vite/deps/chunk-AVK3S6PW.js?v=3c7ec3eb:604:16)
    at _ChildPart._$setValue (http://localhost:8080/node_modules/.vite/deps/chunk-AVK3S6PW.js?v=3c7ec3eb:490:12)
    at render (http://localhost:8080/node_modules/.vite/deps/chunk-AVK3S6PW.js?v=3c7ec3eb:940:8)
    at BoardgameMoveForm.update (http://localhost:8080/node_modules/.vite/deps/chunk-GTV6AHWJ.js?v=3c7ec3eb:52:24)
[     172ms] TypeError: items is not iterable
    at RepeatDirective._getValuesAndKeys (http://localhost:8080/node_modules/.vite/deps/lit_directives_repeat__js.js?v=3c7ec3eb:43:24)
    at RepeatDirective.update (http://localhost:8080/node_modules/.vite/deps/lit_directives_repeat__js.js?v=3c7ec3eb:58:55)
    at RepeatDirective._$resolve (http://localhost:8080/node_modules/.vite/deps/chunk-ZVI3QJ4F.js?v=3c7ec3eb:30:17)
    at resolveDirective (http://localhost:8080/node_modules/.vite/deps/chunk-AVK3S6PW.js?v=3c7ec3eb:335:53)
    at _ChildPart._$setValue (http://localhost:8080/node_modules/.vite/deps/chunk-AVK3S6PW.js?v=3c7ec3eb:472:13)
    at TemplateInstance._update (http://localhost:8080/node_modules/.vite/deps/chunk-AVK3S6PW.js?v=3c7ec3eb:401:16)
    at _ChildPart._commitTemplateResult (http://localhost:8080/node_modules/.vite/deps/chunk-AVK3S6PW.js?v=3c7ec3eb:604:16)
    at _ChildPart._$setValue (http://localhost:8080/node_modules/.vite/deps/chunk-AVK3S6PW.js?v=3c7ec3eb:490:12)
    at render (http://localhost:8080/node_modules/.vite/deps/chunk-AVK3S6PW.js?v=3c7ec3eb:940:8)
    at BoardgameMoveForm.update (http://localhost:8080/node_modules/.vite/deps/chunk-GTV6AHWJ.js?v=3c7ec3eb:52:24)
[     173ms] [ERROR] Failed to load resource: the server responded with a status of 500 (Internal Server Error) @ http://localhost:8080/@fs/Users/jkomoros/Code/go/src/github.com/jkomoros/boardgame/server/static/game-src/memory/boardgame-render-game-memory.js:0
[     175ms] [ERROR] Failed to load game renderer for memory: TypeError: Failed to fetch dynamically imported module: http://localhost:8080/@fs/Users/jkomoros/Code/go/src/github.com/jkomoros/boardgame/server/static/game-src/memory/boardgame-render-game-memory.js @ http://localhost:8080/@fs/Users/jkomoros/Code/go/src/github.com/jkomoros/boardgame/server/static/src/components/boardgame-render-game.ts?t=1770909792995:209
[     193ms] [ERROR] Failed to load resource: the server responded with a status of 500 (Internal Server Error) @ http://localhost:8080/@fs/Users/jkomoros/Code/go/src/github.com/jkomoros/boardgame/server/static/game-src/memory/boardgame-render-player-info-memory.js:0
[     195ms] [ERROR] Failed to load player info renderer for memory: TypeError: Failed to fetch dynamically imported module: http://localhost:8080/@fs/Users/jkomoros/Code/go/src/github.com/jkomoros/boardgame/server/static/game-src/memory/boardgame-render-player-info-memory.js @ http://localhost:8080/@fs/Users/jkomoros/Code/go/src/github.com/jkomoros/boardgame/server/static/src/components/boardgame-player-roster.ts?t=1770909802589:135
[     205ms] TypeError: items is not iterable
    at RepeatDirective._getValuesAndKeys (http://localhost:8080/node_modules/.vite/deps/lit_directives_repeat__js.js?v=3c7ec3eb:43:24)
    at RepeatDirective.update (http://localhost:8080/node_modules/.vite/deps/lit_directives_repeat__js.js?v=3c7ec3eb:58:55)
    at RepeatDirective._$resolve (http://localhost:8080/node_modules/.vite/deps/chunk-ZVI3QJ4F.js?v=3c7ec3eb:30:17)
    at resolveDirective (http://localhost:8080/node_modules/.vite/deps/chunk-AVK3S6PW.js?v=3c7ec3eb:335:53)
    at _ChildPart._$setValue (http://localhost:8080/node_modules/.vite/deps/chunk-AVK3S6PW.js?v=3c7ec3eb:472:13)
    at TemplateInstance._update (http://localhost:8080/node_modules/.vite/deps/chunk-AVK3S6PW.js?v=3c7ec3eb:401:16)
    at _ChildPart._commitTemplateResult (http://localhost:8080/node_modules/.vite/deps/chunk-AVK3S6PW.js?v=3c7ec3eb:604:16)
    at _ChildPart._$setValue (http://localhost:8080/node_modules/.vite/deps/chunk-AVK3S6PW.js?v=3c7ec3eb:490:12)
    at render (http://localhost:8080/node_modules/.vite/deps/chunk-AVK3S6PW.js?v=3c7ec3eb:940:8)
    at BoardgameMoveForm.update (http://localhost:8080/node_modules/.vite/deps/chunk-GTV6AHWJ.js?v=3c7ec3eb:52:24)
[     579ms] [WARNING] Lit is in dev mode. Not recommended for production! See https://lit.dev/msg/dev-mode for more information. @ http://localhost:8080/node_modules/.vite/deps/chunk-AVK3S6PW.js?v=99889d62:22
[     622ms] ReferenceError: JSCompiler_renameProperty is not defined
    at get observedAttributes (http://localhost:8080/node_modules/.vite/deps/chunk-N6634RCH.js?v=99889d62:4163:17)
    at http://localhost:8080/node_modules/.vite/deps/chunk-65WSDUE5.js?v=99889d62:1205:16
[   18511ms] [WARNING] Lit is in dev mode. Not recommended for production! See https://lit.dev/msg/dev-mode for more information. @ http://localhost:8080/node_modules/.vite/deps/chunk-AVK3S6PW.js?v=99889d62:22
[   18548ms] ReferenceError: JSCompiler_renameProperty is not defined
    at get observedAttributes (http://localhost:8080/node_modules/.vite/deps/chunk-N6634RCH.js?v=99889d62:4163:17)
    at http://localhost:8080/node_modules/.vite/deps/chunk-65WSDUE5.js?v=99889d62:1205:16
[   21939ms] [WARNING] Lit is in dev mode. Not recommended for production! See https://lit.dev/msg/dev-mode for more information. @ http://localhost:8080/node_modules/.vite/deps/chunk-AVK3S6PW.js?v=99889d62:22
[   21957ms] ReferenceError: JSCompiler_renameProperty is not defined
    at get observedAttributes (http://localhost:8080/node_modules/.vite/deps/chunk-N6634RCH.js?v=99889d62:4163:17)
    at http://localhost:8080/node_modules/.vite/deps/chunk-65WSDUE5.js?v=99889d62:1205:16
