[      73ms] [WARNING] Lit is in dev mode. Not recommended for production! See https://lit.dev/msg/dev-mode for more information. @ http://localhost:8080/node_modules/.vite/deps/chunk-4GAJ4SHH.js?v=0be99390:22
[      75ms] [WARNING] Element boardgame-app scheduled an update (generally because a property was set) after an update completed, causing a new update to be scheduled. This is inefficient and should be avoided unless the next update can only be scheduled as a side effect of the previous update. See https://lit.dev/msg/change-in-update for more information. @ http://localhost:8080/node_modules/.vite/deps/chunk-O5TE7N4R.js?v=0be99390:93
[     117ms] [WARNING] Element boardgame-game-view scheduled an update (generally because a property was set) after an update completed, causing a new update to be scheduled. This is inefficient and should be avoided unless the next update can only be scheduled as a side effect of the previous update. See https://lit.dev/msg/change-in-update for more information. @ http://localhost:8080/node_modules/.vite/deps/chunk-O5TE7N4R.js?v=0be99390:93
[     121ms] [WARNING] Element boardgame-render-game scheduled an update (generally because a property was set) after an update completed, causing a new update to be scheduled. This is inefficient and should be avoided unless the next update can only be scheduled as a side effect of the previous update. See https://lit.dev/msg/change-in-update for more information. @ http://localhost:8080/node_modules/.vite/deps/chunk-O5TE7N4R.js?v=0be99390:93
[     122ms] [WARNING] Element boardgame-game-state-manager scheduled an update (generally because a property was set) after an update completed, causing a new update to be scheduled. This is inefficient and should be avoided unless the next update can only be scheduled as a side effect of the previous update. See https://lit.dev/msg/change-in-update for more information. @ http://localhost:8080/node_modules/.vite/deps/chunk-O5TE7N4R.js?v=0be99390:93
[     124ms] [WARNING] No template class to auto stamp @ http://localhost:8080/src/components/boardgame-component-stack.ts?t=1770910502969:531
[     138ms] [WARNING] No template class to auto stamp @ http://localhost:8080/src/components/boardgame-component-stack.ts?t=1770910502969:531
[     138ms] [WARNING] No template class to auto stamp @ http://localhost:8080/src/components/boardgame-component-stack.ts?t=1770910502969:531
[     139ms] [WARNING] Element boardgame-card scheduled an update (generally because a property was set) after an update completed, causing a new update to be scheduled. This is inefficient and should be avoided unless the next update can only be scheduled as a side effect of the previous update. See https://lit.dev/msg/change-in-update for more information. @ http://localhost:8080/node_modules/.vite/deps/chunk-O5TE7N4R.js?v=0be99390:93
[     139ms] [WARNING] No template class to auto stamp @ http://localhost:8080/src/components/boardgame-component-stack.ts?t=1770910502969:531
[     139ms] [WARNING] No template class to auto stamp @ http://localhost:8080/src/components/boardgame-component-stack.ts?t=1770910502969:531
[     139ms] [WARNING] No template class to auto stamp @ http://localhost:8080/src/components/boardgame-component-stack.ts?t=1770910502969:531
[     139ms] [WARNING] No template class to auto stamp @ http://localhost:8080/src/components/boardgame-component-stack.ts?t=1770910502969:531
[     231ms] TypeError: templateClass is not a constructor
    at BoardgameComponentStack.newComponent (http://localhost:8080/src/components/boardgame-component-stack.ts?t=1770910502969:523:24)
    at BoardgameComponentStack._insertNodes (http://localhost:8080/src/components/boardgame-component-stack.ts?t=1770910502969:633:26)
    at BoardgameComponentStack._generateChildren (http://localhost:8080/src/components/boardgame-component-stack.ts?t=1770910502969:685:10)
    at BoardgameComponentStack._stackChanged (http://localhost:8080/src/components/boardgame-component-stack.ts?t=1770910502969:598:10)
    at set stack (http://localhost:8080/src/components/boardgame-component-stack.ts?t=1770910502969:396:10)
    at PropertyPart._commitValue (http://localhost:8080/node_modules/.vite/deps/chunk-4GAJ4SHH.js?v=0be99390:807:29)
    at PropertyPart._$setValue (http://localhost:8080/node_modules/.vite/deps/chunk-4GAJ4SHH.js?v=0be99390:762:12)
    at TemplateInstance._update (http://localhost:8080/node_modules/.vite/deps/chunk-4GAJ4SHH.js?v=0be99390:401:16)
    at _ChildPart._commitTemplateResult (http://localhost:8080/node_modules/.vite/deps/chunk-4GAJ4SHH.js?v=0be99390:591:29)
    at _ChildPart._$setValue (http://localhost:8080/node_modules/.vite/deps/chunk-4GAJ4SHH.js?v=0be99390:490:12)
[     604ms] [WARNING] Socket closed CloseEvent @ http://localhost:8080/src/components/boardgame-game-state-manager.ts?t=1770910502969:239
[     632ms] TypeError: templateClass is not a constructor
    at BoardgameComponentStack.newComponent (http://localhost:8080/src/components/boardgame-component-stack.ts?t=1770910502969:523:24)
    at BoardgameComponentStack._insertNodes (http://localhost:8080/src/components/boardgame-component-stack.ts?t=1770910502969:633:26)
    at BoardgameComponentStack._generateChildren (http://localhost:8080/src/components/boardgame-component-stack.ts?t=1770910502969:685:10)
    at BoardgameComponentStack._stackChanged (http://localhost:8080/src/components/boardgame-component-stack.ts?t=1770910502969:598:10)
    at set stack (http://localhost:8080/src/components/boardgame-component-stack.ts?t=1770910502969:396:10)
    at PropertyPart._commitValue (http://localhost:8080/node_modules/.vite/deps/chunk-4GAJ4SHH.js?v=0be99390:807:29)
    at PropertyPart._$setValue (http://localhost:8080/node_modules/.vite/deps/chunk-4GAJ4SHH.js?v=0be99390:762:12)
    at TemplateInstance._update (http://localhost:8080/node_modules/.vite/deps/chunk-4GAJ4SHH.js?v=0be99390:401:16)
    at _ChildPart._commitTemplateResult (http://localhost:8080/node_modules/.vite/deps/chunk-4GAJ4SHH.js?v=0be99390:591:29)
    at _ChildPart._$setValue (http://localhost:8080/node_modules/.vite/deps/chunk-4GAJ4SHH.js?v=0be99390:490:12)
[     632ms] TypeError: templateClass is not a constructor
    at BoardgameComponentStack.newComponent (http://localhost:8080/src/components/boardgame-component-stack.ts?t=1770910502969:523:24)
    at BoardgameComponentStack._insertNodes (http://localhost:8080/src/components/boardgame-component-stack.ts?t=1770910502969:633:26)
    at BoardgameComponentStack._generateChildren (http://localhost:8080/src/components/boardgame-component-stack.ts?t=1770910502969:685:10)
    at BoardgameComponentStack._stackChanged (http://localhost:8080/src/components/boardgame-component-stack.ts?t=1770910502969:598:10)
    at set stack (http://localhost:8080/src/components/boardgame-component-stack.ts?t=1770910502969:396:10)
    at PropertyPart._commitValue (http://localhost:8080/node_modules/.vite/deps/chunk-4GAJ4SHH.js?v=0be99390:807:29)
    at PropertyPart._$setValue (http://localhost:8080/node_modules/.vite/deps/chunk-4GAJ4SHH.js?v=0be99390:762:12)
    at TemplateInstance._update (http://localhost:8080/node_modules/.vite/deps/chunk-4GAJ4SHH.js?v=0be99390:401:16)
    at _ChildPart._commitTemplateResult (http://localhost:8080/node_modules/.vite/deps/chunk-4GAJ4SHH.js?v=0be99390:591:29)
    at _ChildPart._$setValue (http://localhost:8080/node_modules/.vite/deps/chunk-4GAJ4SHH.js?v=0be99390:490:12)
[     635ms] TypeError: templateClass is not a constructor
    at BoardgameComponentStack.newComponent (http://localhost:8080/src/components/boardgame-component-stack.ts?t=1770910502969:523:24)
    at BoardgameComponentStack._insertNodes (http://localhost:8080/src/components/boardgame-component-stack.ts?t=1770910502969:633:26)
    at BoardgameComponentStack._generateChildren (http://localhost:8080/src/components/boardgame-component-stack.ts?t=1770910502969:685:10)
    at BoardgameComponentStack._stackChanged (http://localhost:8080/src/components/boardgame-component-stack.ts?t=1770910502969:598:10)
    at set stack (http://localhost:8080/src/components/boardgame-component-stack.ts?t=1770910502969:396:10)
    at PropertyPart._commitValue (http://localhost:8080/node_modules/.vite/deps/chunk-4GAJ4SHH.js?v=0be99390:807:29)
    at PropertyPart._$setValue (http://localhost:8080/node_modules/.vite/deps/chunk-4GAJ4SHH.js?v=0be99390:762:12)
    at TemplateInstance._update (http://localhost:8080/node_modules/.vite/deps/chunk-4GAJ4SHH.js?v=0be99390:401:16)
    at _ChildPart._commitTemplateResult (http://localhost:8080/node_modules/.vite/deps/chunk-4GAJ4SHH.js?v=0be99390:591:29)
    at _ChildPart._$setValue (http://localhost:8080/node_modules/.vite/deps/chunk-4GAJ4SHH.js?v=0be99390:490:12)
[     635ms] TypeError: templateClass is not a constructor
    at BoardgameComponentStack.newComponent (http://localhost:8080/src/components/boardgame-component-stack.ts?t=1770910502969:523:24)
    at BoardgameComponentStack._insertNodes (http://localhost:8080/src/components/boardgame-component-stack.ts?t=1770910502969:633:26)
    at BoardgameComponentStack._generateChildren (http://localhost:8080/src/components/boardgame-component-stack.ts?t=1770910502969:685:10)
    at BoardgameComponentStack._stackChanged (http://localhost:8080/src/components/boardgame-component-stack.ts?t=1770910502969:598:10)
    at set stack (http://localhost:8080/src/components/boardgame-component-stack.ts?t=1770910502969:396:10)
    at PropertyPart._commitValue (http://localhost:8080/node_modules/.vite/deps/chunk-4GAJ4SHH.js?v=0be99390:807:29)
    at PropertyPart._$setValue (http://localhost:8080/node_modules/.vite/deps/chunk-4GAJ4SHH.js?v=0be99390:762:12)
    at TemplateInstance._update (http://localhost:8080/node_modules/.vite/deps/chunk-4GAJ4SHH.js?v=0be99390:401:16)
    at _ChildPart._commitTemplateResult (http://localhost:8080/node_modules/.vite/deps/chunk-4GAJ4SHH.js?v=0be99390:591:29)
    at _ChildPart._$setValue (http://localhost:8080/node_modules/.vite/deps/chunk-4GAJ4SHH.js?v=0be99390:490:12)
